#
# There is insufficient memory for the Java Runtime Environment to continue.
# Native memory allocation (malloc) failed to allocate 148656 bytes. Error detail: Chunk::new
# Possible reasons:
#   The system is out of physical RAM or swap space
#   This process is running with CompressedOops enabled, and the Java Heap may be blocking the growth of the native heap
# Possible solutions:
#   Reduce memory load on the system
#   Increase physical memory or swap space
#   Check if swap backing store is full
#   Decrease Java heap size (-Xmx/-Xms)
#   Decrease number of Java threads
#   Decrease Java thread stack sizes (-Xss)
#   Set larger code cache with -XX:ReservedCodeCacheSize=
#   JVM is running with Unscaled Compressed Oops mode in which the Java heap is
#     placed in the first 4GB address space. The Java Heap base address is the
#     maximum limit for the native heap growth. Please use -XX:HeapBaseMinAddress
#     to set the Java Heap base and to place the Java Heap above 4GB virtual address.
# This output file may be truncated or incomplete.
#
#  Out of Memory Error (arena.cpp:168), pid=19748, tid=20024
#
# JRE version: OpenJDK Runtime Environment Temurin-21.0.9+10 (21.0.9+10) (build 21.0.9+10-LTS)
# Java VM: OpenJDK 64-Bit Server VM Temurin-21.0.9+10 (21.0.9+10-LTS, mixed mode, sharing, tiered, compressed oops, compressed class ptrs, parallel gc, windows-amd64)
# No core dump will be written. Minidumps are not enabled by default on client versions of Windows
#

---------------  S U M M A R Y ------------

Command Line: --add-modules=ALL-SYSTEM --add-opens=java.base/java.util=ALL-UNNAMED --add-opens=java.base/java.lang=ALL-UNNAMED --add-opens=java.base/sun.nio.fs=ALL-UNNAMED -Declipse.application=org.eclipse.jdt.ls.core.id1 -Dosgi.bundles.defaultStartLevel=4 -Declipse.product=org.eclipse.jdt.ls.core.product -Djava.import.generatesMetadataFilesAtProjectRoot=false -DDetectVMInstallationsJob.disabled=true -Dfile.encoding=utf8 -XX:+UseParallelGC -XX:GCTimeRatio=4 -XX:AdaptiveSizePolicyWeight=90 -Dsun.zip.disableMemoryMapping=true -Xmx2G -Xms100m -Xlog:disable -javaagent:c:\Users\gabes\.vscode\extensions\redhat.java-1.49.0-win32-x64\lombok\lombok-1.18.39-4050.jar c:\Users\gabes\.vscode\extensions\redhat.java-1.49.0-win32-x64\server\plugins\org.eclipse.equinox.launcher_1.7.100.v20251111-0406.jar -configuration c:\Users\gabes\AppData\Roaming\Code\User\globalStorage\redhat.java\1.49.0\config_ss_win -data c:\Users\gabes\AppData\Roaming\Code\User\workspaceStorage\5a46c16050b1c349decc9c9b186d8dd5\redhat.java\ss_ws --pipe=\\.\pipe\lsp-daf8a46af7ed26d67256a428dc76a815-sock

Host: Intel(R) Core(TM) i5-1035G1 CPU @ 1.00GHz, 8 cores, 11G,  Windows 11 , 64 bit Build 26100 (10.0.26100.7019)
Time: Tue Nov 25 20:52:01 2025 SE Asia Standard Time elapsed time: 3.196578 seconds (0d 0h 0m 3s)

---------------  T H R E A D  ---------------

Current thread (0x000002b30022f290):  JavaThread "C2 CompilerThread2" daemon [_thread_in_native, id=20024, stack(0x000000e9e9900000,0x000000e9e9a00000) (1024K)]


Current CompileTask:
C2:3196 1964       4       java.lang.StringLatin1::toLowerCase (186 bytes)

Stack: [0x000000e9e9900000,0x000000e9e9a00000]
Native frames: (J=compiled Java code, j=interpreted, Vv=VM code, C=native code)
V  [jvm.dll+0x6d6e29]
V  [jvm.dll+0x8b4b76]
V  [jvm.dll+0x8b712e]
V  [jvm.dll+0x8b7813]
V  [jvm.dll+0x283d86]
V  [jvm.dll+0xc66ed]
V  [jvm.dll+0xc6c31]
V  [jvm.dll+0x3be501]
V  [jvm.dll+0x38ab92]
V  [jvm.dll+0x389fda]
V  [jvm.dll+0x24bfa0]
V  [jvm.dll+0x24b580]
V  [jvm.dll+0x1cb13e]
V  [jvm.dll+0x25b29d]
V  [jvm.dll+0x25982a]
V  [jvm.dll+0x3f7ea6]
V  [jvm.dll+0x85e9ad]
V  [jvm.dll+0x6d565d]
C  [ucrtbase.dll+0x37b0]
C  [KERNEL32.DLL+0x2e8d7]
C  [ntdll.dll+0x8c53c]


---------------  P R O C E S S  ---------------

Threads class SMR info:
_java_thread_list=0x000002b3001c6d80, length=17, elements={
0x000002b32197ea00, 0x000002b321a3c540, 0x000002b321a3e5f0, 0x000002b3383f6190,
0x000002b3383f8cf0, 0x000002b3383ff0c0, 0x000002b338402f70, 0x000002b338408da0,
0x000002b338417530, 0x000002b37f1f2880, 0x000002b37f338f20, 0x000002b37f4b2c60,
0x000002b3000d1640, 0x000002b37f854fe0, 0x000002b300083c30, 0x000002b37f919930,
0x000002b30022f290
}

Java Threads: ( => current thread )
  0x000002b32197ea00 JavaThread "main"                              [_thread_blocked, id=14052, stack(0x000000e9e7f00000,0x000000e9e8000000) (1024K)]
  0x000002b321a3c540 JavaThread "Reference Handler"          daemon [_thread_blocked, id=20720, stack(0x000000e9e8300000,0x000000e9e8400000) (1024K)]
  0x000002b321a3e5f0 JavaThread "Finalizer"                  daemon [_thread_blocked, id=5324, stack(0x000000e9e8400000,0x000000e9e8500000) (1024K)]
  0x000002b3383f6190 JavaThread "Signal Dispatcher"          daemon [_thread_blocked, id=19656, stack(0x000000e9e8500000,0x000000e9e8600000) (1024K)]
  0x000002b3383f8cf0 JavaThread "Attach Listener"            daemon [_thread_blocked, id=21832, stack(0x000000e9e8600000,0x000000e9e8700000) (1024K)]
  0x000002b3383ff0c0 JavaThread "Service Thread"             daemon [_thread_blocked, id=9976, stack(0x000000e9e8700000,0x000000e9e8800000) (1024K)]
  0x000002b338402f70 JavaThread "Monitor Deflation Thread"   daemon [_thread_blocked, id=19624, stack(0x000000e9e8800000,0x000000e9e8900000) (1024K)]
  0x000002b338408da0 JavaThread "C2 CompilerThread0"         daemon [_thread_blocked, id=18332, stack(0x000000e9e8900000,0x000000e9e8a00000) (1024K)]
  0x000002b338417530 JavaThread "C1 CompilerThread0"         daemon [_thread_blocked, id=17420, stack(0x000000e9e8a00000,0x000000e9e8b00000) (1024K)]
  0x000002b37f1f2880 JavaThread "Common-Cleaner"             daemon [_thread_blocked, id=18128, stack(0x000000e9e8b00000,0x000000e9e8c00000) (1024K)]
  0x000002b37f338f20 JavaThread "Notification Thread"        daemon [_thread_blocked, id=11664, stack(0x000000e9e8d00000,0x000000e9e8e00000) (1024K)]
  0x000002b37f4b2c60 JavaThread "Active Thread: Equinox Container: c2d22f28-732e-4d2f-88b6-48c78f9514c7"        [_thread_blocked, id=21136, stack(0x000000e9e9500000,0x000000e9e9600000) (1024K)]
  0x000002b3000d1640 JavaThread "Framework Event Dispatcher: Equinox Container: c2d22f28-732e-4d2f-88b6-48c78f9514c7" daemon [_thread_blocked, id=15532, stack(0x000000e9e8e00000,0x000000e9e8f00000) (1024K)]
  0x000002b37f854fe0 JavaThread "Start Level: Equinox Container: c2d22f28-732e-4d2f-88b6-48c78f9514c7" daemon [_thread_in_Java, id=6056, stack(0x000000e9e9600000,0x000000e9e9700000) (1024K)]
  0x000002b300083c30 JavaThread "SCR Component Actor"        daemon [_thread_blocked, id=12812, stack(0x000000e9e8c00000,0x000000e9e8d00000) (1024K)]
  0x000002b37f919930 JavaThread "C2 CompilerThread1"         daemon [_thread_blocked, id=10224, stack(0x000000e9e9800000,0x000000e9e9900000) (1024K)]
=>0x000002b30022f290 JavaThread "C2 CompilerThread2"         daemon [_thread_in_native, id=20024, stack(0x000000e9e9900000,0x000000e9e9a00000) (1024K)]
Total: 17

Other Threads:
  0x000002b3383f2d70 VMThread "VM Thread"                           [id=19608, stack(0x000000e9e8200000,0x000000e9e8300000) (1024K)]
  0x000002b33830c7e0 WatcherThread "VM Periodic Task Thread"        [id=10412, stack(0x000000e9e8100000,0x000000e9e8200000) (1024K)]
  0x000002b32199d1f0 WorkerThread "GC Thread#0"                     [id=11496, stack(0x000000e9e8000000,0x000000e9e8100000) (1024K)]
  0x000002b37f85ebf0 WorkerThread "GC Thread#1"                     [id=9324, stack(0x000000e9e8f00000,0x000000e9e9000000) (1024K)]
  0x000002b37f7c2520 WorkerThread "GC Thread#2"                     [id=19724, stack(0x000000e9e9000000,0x000000e9e9100000) (1024K)]
  0x000002b37f7c28c0 WorkerThread "GC Thread#3"                     [id=8392, stack(0x000000e9e9100000,0x000000e9e9200000) (1024K)]
  0x000002b37f37dd80 WorkerThread "GC Thread#4"                     [id=19692, stack(0x000000e9e9200000,0x000000e9e9300000) (1024K)]
  0x000002b37f37e120 WorkerThread "GC Thread#5"                     [id=16584, stack(0x000000e9e9300000,0x000000e9e9400000) (1024K)]
  0x000002b37f37e4c0 WorkerThread "GC Thread#6"                     [id=2156, stack(0x000000e9e9400000,0x000000e9e9500000) (1024K)]
  0x000002b30008a290 WorkerThread "GC Thread#7"                     [id=16444, stack(0x000000e9e9700000,0x000000e9e9800000) (1024K)]
Total: 10

Threads with active compile tasks:
C2 CompilerThread2  3224 1964       4       java.lang.StringLatin1::toLowerCase (186 bytes)
Total: 1

VM state: not at safepoint (normal execution)

VM Mutex/Monitor currently owned by a thread: None

Heap address: 0x0000000080000000, size: 2048 MB, Compressed Oops mode: 32-bit

CDS archive(s) mapped at: [0x000002b339000000-0x000002b339ba0000-0x000002b339ba0000), size 12189696, SharedBaseAddress: 0x000002b339000000, ArchiveRelocationMode: 1.
Compressed class space mapped at: 0x000002b33a000000-0x000002b37a000000, reserved size: 1073741824
Narrow klass base: 0x000002b339000000, Narrow klass shift: 0, Narrow klass range: 0x100000000

GC Precious Log:
 CardTable entry size: 512
 CPUs: 8 total, 8 available
 Memory: 12093M
 Large Page Support: Disabled
 NUMA Support: Disabled
 Compressed Oops: Enabled (32-bit)
 Alignments: Space 512K, Generation 512K, Heap 2M
 Heap Min Capacity: 100M
 Heap Initial Capacity: 100M
 Heap Max Capacity: 2G
 Pre-touch: Disabled
 Parallel Workers: 8

Heap:
 PSYoungGen      total 29696K, used 16270K [0x00000000d5580000, 0x00000000d7680000, 0x0000000100000000)
  eden space 25600K, 47% used [0x00000000d5580000,0x00000000d6164b58,0x00000000d6e80000)
  from space 4096K, 99% used [0x00000000d7280000,0x00000000d767efe8,0x00000000d7680000)
  to   space 4096K, 0% used [0x00000000d6e80000,0x00000000d6e80000,0x00000000d7280000)
 ParOldGen       total 68608K, used 927K [0x0000000080000000, 0x0000000084300000, 0x00000000d5580000)
  object space 68608K, 1% used [0x0000000080000000,0x00000000800e7ea8,0x0000000084300000)
 Metaspace       used 10780K, committed 11200K, reserved 1114112K
  class space    used 1159K, committed 1344K, reserved 1048576K

Card table byte_map: [0x000002b321330000,0x000002b321740000] _byte_map_base: 0x000002b320f30000

Marking Bits: (ParMarkBitMap*) 0x00007ffeec032460
 Begin Bits: [0x000002b333e30000, 0x000002b335e30000)
 End Bits:   [0x000002b335e30000, 0x000002b337e30000)

Polling page: 0x000002b31f680000

Metaspace:

Usage:
  Non-class:      9.40 MB used.
      Class:      1.13 MB used.
       Both:     10.53 MB used.

Virtual space:
  Non-class space:       64.00 MB reserved,       9.62 MB ( 15%) committed,  1 nodes.
      Class space:        1.00 GB reserved,       1.31 MB ( <1%) committed,  1 nodes.
             Both:        1.06 GB reserved,      10.94 MB (  1%) committed. 

Chunk freelists:
   Non-Class:  5.97 MB
       Class:  14.68 MB
        Both:  20.65 MB

MaxMetaspaceSize: unlimited
CompressedClassSpaceSize: 1.00 GB
Initial GC threshold: 21.00 MB
Current GC threshold: 21.00 MB
CDS: on
 - commit_granule_bytes: 65536.
 - commit_granule_words: 8192.
 - virtual_space_node_default_size: 8388608.
 - enlarge_chunks_in_place: 1.
 - use_allocation_guard: 0.


Internal statistics:

num_allocs_failed_limit: 0.
num_arena_births: 252.
num_arena_deaths: 0.
num_vsnodes_births: 2.
num_vsnodes_deaths: 0.
num_space_committed: 175.
num_space_uncommitted: 0.
num_chunks_returned_to_freelist: 0.
num_chunks_taken_from_freelist: 561.
num_chunk_merges: 0.
num_chunk_splits: 359.
num_chunks_enlarged: 239.
num_inconsistent_stats: 0.

CodeHeap 'non-profiled nmethods': size=120000Kb used=850Kb max_used=850Kb free=119149Kb
 bounds [0x000002b32c650000, 0x000002b32c8c0000, 0x000002b333b80000]
CodeHeap 'profiled nmethods': size=120000Kb used=3604Kb max_used=3604Kb free=116395Kb
 bounds [0x000002b324b80000, 0x000002b324f10000, 0x000002b32c0b0000]
CodeHeap 'non-nmethods': size=5760Kb used=1233Kb max_used=1262Kb free=4526Kb
 bounds [0x000002b32c0b0000, 0x000002b32c320000, 0x000002b32c650000]
CodeCache: size=245760Kb, used=5687Kb, max_used=5716Kb, free=240070Kb
 total_blobs=2461, nmethods=1970, adapters=398, full_count=0
Compilation: enabled, stopped_count=0, restarted_count=0

Compilation events (20 events):
Event: 3.162 Thread 0x000002b338408da0 nmethod 1952 0x000002b32c71d490 code [0x000002b32c71d740, 0x000002b32c71e720]
Event: 3.162 Thread 0x000002b338408da0 1958   !   4       java.io.BufferedInputStream::read (54 bytes)
Event: 3.168 Thread 0x000002b30022f290 nmethod 1957% 0x000002b32c71f210 code [0x000002b32c71f400, 0x000002b32c71ffc8]
Event: 3.168 Thread 0x000002b30022f290 1955       4       jdk.internal.misc.InternalLock::lock (8 bytes)
Event: 3.170 Thread 0x000002b30022f290 nmethod 1955 0x000002b32c720510 code [0x000002b32c7206a0, 0x000002b32c720818]
Event: 3.170 Thread 0x000002b30022f290 1956       4       jdk.internal.misc.InternalLock::unlock (8 bytes)
Event: 3.174 Thread 0x000002b338408da0 nmethod 1958 0x000002b32c720990 code [0x000002b32c720ba0, 0x000002b32c721118]
Event: 3.174 Thread 0x000002b30022f290 nmethod 1956 0x000002b32c721590 code [0x000002b32c721740, 0x000002b32c7218d8]
Event: 3.174 Thread 0x000002b338408da0 1954       4       java.util.Objects::checkFromIndexSize (8 bytes)
Event: 3.175 Thread 0x000002b338408da0 nmethod 1954 0x000002b32c721a90 code [0x000002b32c721c20, 0x000002b32c721ce8]
Event: 3.181 Thread 0x000002b338417530 1963       3       java.util.ArrayList$SubList::size (9 bytes)
Event: 3.181 Thread 0x000002b338417530 nmethod 1963 0x000002b324efc310 code [0x000002b324efc4e0, 0x000002b324efc768]
Event: 3.182 Thread 0x000002b30022f290 1964       4       java.lang.StringLatin1::toLowerCase (186 bytes)
Event: 3.190 Thread 0x000002b37f919930 nmethod 1953 0x000002b32c721d90 code [0x000002b32c722080, 0x000002b32c7239e8]
Event: 3.193 Thread 0x000002b338417530 1965   !   3       org.eclipse.osgi.container.ModuleDatabase::getWiring (31 bytes)
Event: 3.194 Thread 0x000002b338417530 nmethod 1965 0x000002b324efc890 code [0x000002b324efcb00, 0x000002b324efd470]
Event: 3.194 Thread 0x000002b338417530 1966       3       org.eclipse.osgi.framework.eventmgr.CopyOnWriteIdentityMap::entrySet (15 bytes)
Event: 3.194 Thread 0x000002b338417530 nmethod 1966 0x000002b324efd910 code [0x000002b324efdae0, 0x000002b324efdf88]
Event: 3.194 Thread 0x000002b338417530 1967       3       org.eclipse.osgi.framework.eventmgr.CopyOnWriteIdentityMap$Snapshot::<init> (10 bytes)
Event: 3.194 Thread 0x000002b338417530 nmethod 1967 0x000002b324efe190 code [0x000002b324efe340, 0x000002b324efe4c8]

GC Heap History (4 events):
Event: 1.210 GC heap before
{Heap before GC invocations=1 (full 0):
 PSYoungGen      total 29696K, used 25600K [0x00000000d5580000, 0x00000000d7680000, 0x0000000100000000)
  eden space 25600K, 100% used [0x00000000d5580000,0x00000000d6e80000,0x00000000d6e80000)
  from space 4096K, 0% used [0x00000000d7280000,0x00000000d7280000,0x00000000d7680000)
  to   space 4096K, 0% used [0x00000000d6e80000,0x00000000d6e80000,0x00000000d7280000)
 ParOldGen       total 68608K, used 0K [0x0000000080000000, 0x0000000084300000, 0x00000000d5580000)
  object space 68608K, 0% used [0x0000000080000000,0x0000000080000000,0x0000000084300000)
 Metaspace       used 4360K, committed 4608K, reserved 1114112K
  class space    used 473K, committed 576K, reserved 1048576K
}
Event: 1.219 GC heap after
{Heap after GC invocations=1 (full 0):
 PSYoungGen      total 29696K, used 3271K [0x00000000d5580000, 0x00000000d7680000, 0x0000000100000000)
  eden space 25600K, 0% used [0x00000000d5580000,0x00000000d5580000,0x00000000d6e80000)
  from space 4096K, 79% used [0x00000000d6e80000,0x00000000d71b1e98,0x00000000d7280000)
  to   space 4096K, 0% used [0x00000000d7280000,0x00000000d7280000,0x00000000d7680000)
 ParOldGen       total 68608K, used 16K [0x0000000080000000, 0x0000000084300000, 0x00000000d5580000)
  object space 68608K, 0% used [0x0000000080000000,0x0000000080004000,0x0000000084300000)
 Metaspace       used 4360K, committed 4608K, reserved 1114112K
  class space    used 473K, committed 576K, reserved 1048576K
}
Event: 2.758 GC heap before
{Heap before GC invocations=2 (full 0):
 PSYoungGen      total 29696K, used 28871K [0x00000000d5580000, 0x00000000d7680000, 0x0000000100000000)
  eden space 25600K, 100% used [0x00000000d5580000,0x00000000d6e80000,0x00000000d6e80000)
  from space 4096K, 79% used [0x00000000d6e80000,0x00000000d71b1e98,0x00000000d7280000)
  to   space 4096K, 0% used [0x00000000d7280000,0x00000000d7280000,0x00000000d7680000)
 ParOldGen       total 68608K, used 16K [0x0000000080000000, 0x0000000084300000, 0x00000000d5580000)
  object space 68608K, 0% used [0x0000000080000000,0x0000000080004000,0x0000000084300000)
 Metaspace       used 8300K, committed 8576K, reserved 1114112K
  class space    used 881K, committed 1024K, reserved 1048576K
}
Event: 2.764 GC heap after
{Heap after GC invocations=2 (full 0):
 PSYoungGen      total 29696K, used 4091K [0x00000000d5580000, 0x00000000d7680000, 0x0000000100000000)
  eden space 25600K, 0% used [0x00000000d5580000,0x00000000d5580000,0x00000000d6e80000)
  from space 4096K, 99% used [0x00000000d7280000,0x00000000d767efe8,0x00000000d7680000)
  to   space 4096K, 0% used [0x00000000d6e80000,0x00000000d6e80000,0x00000000d7280000)
 ParOldGen       total 68608K, used 927K [0x0000000080000000, 0x0000000084300000, 0x00000000d5580000)
  object space 68608K, 1% used [0x0000000080000000,0x00000000800e7ea8,0x0000000084300000)
 Metaspace       used 8300K, committed 8576K, reserved 1114112K
  class space    used 881K, committed 1024K, reserved 1048576K
}

Dll operation events (9 events):
Event: 0.014 Loaded shared library c:\Users\gabes\.vscode\extensions\redhat.java-1.49.0-win32-x64\jre\21.0.9-win32-x86_64\bin\java.dll
Event: 0.104 Loaded shared library c:\Users\gabes\.vscode\extensions\redhat.java-1.49.0-win32-x64\jre\21.0.9-win32-x86_64\bin\zip.dll
Event: 0.139 Loaded shared library C:\Users\gabes\.vscode\extensions\redhat.java-1.49.0-win32-x64\jre\21.0.9-win32-x86_64\bin\instrument.dll
Event: 0.146 Loaded shared library C:\Users\gabes\.vscode\extensions\redhat.java-1.49.0-win32-x64\jre\21.0.9-win32-x86_64\bin\net.dll
Event: 0.150 Loaded shared library C:\Users\gabes\.vscode\extensions\redhat.java-1.49.0-win32-x64\jre\21.0.9-win32-x86_64\bin\nio.dll
Event: 0.158 Loaded shared library C:\Users\gabes\.vscode\extensions\redhat.java-1.49.0-win32-x64\jre\21.0.9-win32-x86_64\bin\zip.dll
Event: 0.192 Loaded shared library C:\Users\gabes\.vscode\extensions\redhat.java-1.49.0-win32-x64\jre\21.0.9-win32-x86_64\bin\jimage.dll
Event: 0.318 Loaded shared library c:\Users\gabes\.vscode\extensions\redhat.java-1.49.0-win32-x64\jre\21.0.9-win32-x86_64\bin\verify.dll
Event: 2.683 Loaded shared library C:\Users\gabes\AppData\Roaming\Code\User\globalStorage\redhat.java\1.49.0\config_ss_win\org.eclipse.equinox.launcher\org.eclipse.equinox.launcher.win32.win32.x86_64_1.2.1400.v20250801-0854\eclipse_11916.dll

Deoptimization events (20 events):
Event: 2.423 Thread 0x000002b32197ea00 DEOPT PACKING pc=0x000002b324d02c08 sp=0x000000e9e7ffc8c0
Event: 2.423 Thread 0x000002b32197ea00 DEOPT UNPACKING pc=0x000002b32c1078e2 sp=0x000000e9e7ffbd40 mode 0
Event: 2.427 Thread 0x000002b32197ea00 DEOPT PACKING pc=0x000002b324d02c08 sp=0x000000e9e7ffcbc0
Event: 2.427 Thread 0x000002b32197ea00 DEOPT UNPACKING pc=0x000002b32c1078e2 sp=0x000000e9e7ffc040 mode 0
Event: 2.699 Thread 0x000002b37f854fe0 Uncommon trap: trap_request=0xffffff6e fr.pc=0x000002b32c6c2a30 relative=0x0000000000000370
Event: 2.699 Thread 0x000002b37f854fe0 Uncommon trap: reason=loop_limit_check action=maybe_recompile pc=0x000002b32c6c2a30 method=java.lang.StringLatin1.indexOf([BI[BII)I @ 37 c2
Event: 2.699 Thread 0x000002b37f854fe0 DEOPT PACKING pc=0x000002b32c6c2a30 sp=0x000000e9e96f8c90
Event: 2.699 Thread 0x000002b37f854fe0 DEOPT UNPACKING pc=0x000002b32c106da2 sp=0x000000e9e96f8bf0 mode 2
Event: 3.042 Thread 0x000002b37f854fe0 Uncommon trap: trap_request=0xffffff45 fr.pc=0x000002b32c6fc948 relative=0x00000000000009e8
Event: 3.042 Thread 0x000002b37f854fe0 Uncommon trap: reason=unstable_if action=reinterpret pc=0x000002b32c6fc948 method=java.util.concurrent.ConcurrentHashMap.putVal(Ljava/lang/Object;Ljava/lang/Object;Z)Ljava/lang/Object; @ 148 c2
Event: 3.042 Thread 0x000002b37f854fe0 DEOPT PACKING pc=0x000002b32c6fc948 sp=0x000000e9e96f8d70
Event: 3.042 Thread 0x000002b37f854fe0 DEOPT UNPACKING pc=0x000002b32c106da2 sp=0x000000e9e96f8ce0 mode 2
Event: 3.052 Thread 0x000002b37f854fe0 Uncommon trap: trap_request=0xffffff45 fr.pc=0x000002b32c70f5b4 relative=0x0000000000001534
Event: 3.052 Thread 0x000002b37f854fe0 Uncommon trap: reason=unstable_if action=reinterpret pc=0x000002b32c70f5b4 method=java.io.WinNTFileSystem.normalize(Ljava/lang/String;II)Ljava/lang/String; @ 100 c2
Event: 3.052 Thread 0x000002b37f854fe0 DEOPT PACKING pc=0x000002b32c70f5b4 sp=0x000000e9e96f90a0
Event: 3.052 Thread 0x000002b37f854fe0 DEOPT UNPACKING pc=0x000002b32c106da2 sp=0x000000e9e96f8fe0 mode 2
Event: 3.100 Thread 0x000002b37f854fe0 Uncommon trap: trap_request=0xffffff45 fr.pc=0x000002b32c6caa34 relative=0x0000000000000094
Event: 3.100 Thread 0x000002b37f854fe0 Uncommon trap: reason=unstable_if action=reinterpret pc=0x000002b32c6caa34 method=java.io.BufferedInputStream.getBufIfOpen(Z)[B @ 13 c2
Event: 3.100 Thread 0x000002b37f854fe0 DEOPT PACKING pc=0x000002b32c6caa34 sp=0x000000e9e96f8980
Event: 3.100 Thread 0x000002b37f854fe0 DEOPT UNPACKING pc=0x000002b32c106da2 sp=0x000000e9e96f8900 mode 2

Classes loaded (20 events):
Event: 3.094 Loading class java/lang/CloneNotSupportedException
Event: 3.094 Loading class java/lang/CloneNotSupportedException done
Event: 3.115 Loading class java/util/stream/ReferencePipeline$5
Event: 3.115 Loading class java/util/stream/LongPipeline$StatelessOp
Event: 3.115 Loading class java/util/stream/LongPipeline
Event: 3.116 Loading class java/util/stream/LongStream
Event: 3.117 Loading class java/util/stream/LongStream done
Event: 3.117 Loading class java/util/stream/LongPipeline done
Event: 3.117 Loading class java/util/stream/LongPipeline$StatelessOp done
Event: 3.117 Loading class java/util/stream/ReferencePipeline$5 done
Event: 3.117 Loading class java/util/function/LongBinaryOperator
Event: 3.118 Loading class java/util/function/LongBinaryOperator done
Event: 3.119 Loading class java/util/stream/ReduceOps$10
Event: 3.119 Loading class java/util/stream/ReduceOps$10 done
Event: 3.120 Loading class java/util/stream/ReduceOps$8ReducingSink
Event: 3.121 Loading class java/util/stream/Sink$OfLong
Event: 3.121 Loading class java/util/stream/Sink$OfLong done
Event: 3.121 Loading class java/util/stream/ReduceOps$8ReducingSink done
Event: 3.121 Loading class java/util/stream/ReferencePipeline$5$1
Event: 3.121 Loading class java/util/stream/ReferencePipeline$5$1 done

Classes unloaded (0 events):
No events

Classes redefined (0 events):
No events

Internal exceptions (20 events):
Event: 1.223 Thread 0x000002b32197ea00 Exception <a 'java/lang/ClassNotFoundException'{0x00000000d5583670}: sun/net/www/protocol/c/Handler> (0x00000000d5583670) 
thrown [s\src\hotspot\share\classfile\systemDictionary.cpp, line 312]
Event: 1.239 Thread 0x000002b32197ea00 Exception <a 'java/io/FileNotFoundException'{0x00000000d55a8140}> (0x00000000d55a8140) 
thrown [s\src\hotspot\share\prims\jni.cpp, line 520]
Event: 1.319 Thread 0x000002b32197ea00 Implicit null exception at 0x000002b32c6ac1c9 to 0x000002b32c6acb64
Event: 1.321 Thread 0x000002b32197ea00 Implicit null exception at 0x000002b32c6b039a to 0x000002b32c6b05a4
Event: 1.323 Thread 0x000002b32197ea00 Exception <a 'java/lang/NoSuchMethodError'{0x00000000d56d7ec8}: 'void java.lang.invoke.DirectMethodHandle$Holder.invokeStatic(java.lang.Object, java.lang.Object, java.lang.Object, java.lang.Object)'> (0x00000000d56d7ec8) 
thrown [s\src\hotspot\share\interpreter\linkResolver.cpp, line 773]
Event: 1.327 Thread 0x000002b32197ea00 Implicit null exception at 0x000002b32c6af33c to 0x000002b32c6af5c8
Event: 1.328 Thread 0x000002b32197ea00 Implicit null exception at 0x000002b32c6ad5bd to 0x000002b32c6ad641
Event: 1.536 Thread 0x000002b32197ea00 Exception <a 'java/lang/NoSuchMethodError'{0x00000000d598d3f0}: 'void java.lang.invoke.DirectMethodHandle$Holder.invokeSpecial(java.lang.Object, java.lang.Object, java.lang.Object)'> (0x00000000d598d3f0) 
thrown [s\src\hotspot\share\interpreter\linkResolver.cpp, line 773]
Event: 2.030 Thread 0x000002b32197ea00 Exception <a 'java/lang/NoSuchMethodError'{0x00000000d623b728}: 'int java.lang.invoke.DirectMethodHandle$Holder.invokeVirtual(java.lang.Object, java.lang.Object)'> (0x00000000d623b728) 
thrown [s\src\hotspot\share\interpreter\linkResolver.cpp, line 773]
Event: 2.112 Thread 0x000002b32197ea00 Exception <a 'java/lang/NoSuchMethodError'{0x00000000d63afa10}: 'int java.lang.invoke.DirectMethodHandle$Holder.invokeStaticInit(java.lang.Object, java.lang.Object, java.lang.Object, java.lang.Object)'> (0x00000000d63afa10) 
thrown [s\src\hotspot\share\interpreter\linkResolver.cpp, line 773]
Event: 2.113 Thread 0x000002b32197ea00 Exception <a 'java/lang/IncompatibleClassChangeError'{0x00000000d63b7e18}: Found class java.lang.Object, but interface was expected> (0x00000000d63b7e18) 
thrown [s\src\hotspot\share\interpreter\linkResolver.cpp, line 840]
Event: 2.114 Thread 0x000002b32197ea00 Exception <a 'java/lang/NoSuchMethodError'{0x00000000d63be3c8}: 'void java.lang.invoke.DirectMethodHandle$Holder.invokeStaticInit(java.lang.Object, java.lang.Object)'> (0x00000000d63be3c8) 
thrown [s\src\hotspot\share\interpreter\linkResolver.cpp, line 773]
Event: 2.115 Thread 0x000002b32197ea00 Exception <a 'java/lang/NoSuchMethodError'{0x00000000d63c75e0}: 'int java.lang.invoke.DirectMethodHandle$Holder.invokeStaticInit(java.lang.Object, java.lang.Object)'> (0x00000000d63c75e0) 
thrown [s\src\hotspot\share\interpreter\linkResolver.cpp, line 773]
Event: 2.222 Thread 0x000002b32197ea00 Exception <a 'java/lang/NoSuchMethodError'{0x00000000d660e208}: 'java.lang.Object java.lang.invoke.DirectMethodHandle$Holder.newInvokeSpecial(java.lang.Object, int, java.lang.Object)'> (0x00000000d660e208) 
thrown [s\src\hotspot\share\interpreter\linkResolver.cpp, line 773]
Event: 2.329 Thread 0x000002b32197ea00 Exception <a 'java/lang/ClassNotFoundException'{0x00000000d68268a0}: sun/net/www/protocol/plurl/Handler> (0x00000000d68268a0) 
thrown [s\src\hotspot\share\classfile\systemDictionary.cpp, line 312]
Event: 2.329 Thread 0x000002b32197ea00 Exception <a 'java/lang/ClassNotFoundException'{0x00000000d6827720}: sun/net/www/protocol/plurl/Handler> (0x00000000d6827720) 
thrown [s\src\hotspot\share\classfile\systemDictionary.cpp, line 312]
Event: 2.680 Thread 0x000002b32197ea00 Exception <a 'java/lang/UnsatisfiedLinkError'{0x00000000d6c2b9f8}: 'void org.eclipse.equinox.launcher.JNIBridge._update_splash()'> (0x00000000d6c2b9f8) 
thrown [s\src\hotspot\share\prims\nativeLookup.cpp, line 415]
Event: 2.827 Thread 0x000002b37f854fe0 Exception <a 'java/lang/NullPointerException'{0x00000000d5721798}> (0x00000000d5721798) 
thrown [s\src\hotspot\share\interpreter\linkResolver.cpp, line 1372]
Event: 2.827 Thread 0x000002b37f854fe0 Exception <a 'java/lang/NullPointerException'{0x00000000d5721a78}> (0x00000000d5721a78) 
thrown [s\src\hotspot\share\interpreter\linkResolver.cpp, line 1372]
Event: 3.114 Thread 0x000002b37f854fe0 Exception <a 'java/lang/NoSuchMethodError'{0x00000000d6028fd0}: 'long java.lang.invoke.DirectMethodHandle$Holder.invokeSpecial(java.lang.Object, java.lang.Object)'> (0x00000000d6028fd0) 
thrown [s\src\hotspot\share\interpreter\linkResolver.cpp, line 773]

ZGC Phase Switch (0 events):
No events

VM Operations (20 events):
Event: 1.166 Executing VM operation: ICBufferFull
Event: 1.167 Executing VM operation: ICBufferFull done
Event: 1.183 Executing VM operation: HandshakeAllThreads (Deoptimize)
Event: 1.183 Executing VM operation: HandshakeAllThreads (Deoptimize) done
Event: 1.210 Executing VM operation: ParallelGCFailedAllocation (Allocation Failure)
Event: 1.219 Executing VM operation: ParallelGCFailedAllocation (Allocation Failure) done
Event: 2.166 Executing VM operation: HandshakeAllThreads (Deoptimize)
Event: 2.166 Executing VM operation: HandshakeAllThreads (Deoptimize) done
Event: 2.189 Executing VM operation: HandshakeAllThreads (Deoptimize)
Event: 2.189 Executing VM operation: HandshakeAllThreads (Deoptimize) done
Event: 2.294 Executing VM operation: HandshakeAllThreads (Deoptimize)
Event: 2.295 Executing VM operation: HandshakeAllThreads (Deoptimize) done
Event: 2.295 Executing VM operation: Cleanup
Event: 2.295 Executing VM operation: Cleanup done
Event: 2.323 Executing VM operation: HandshakeAllThreads (Deoptimize)
Event: 2.323 Executing VM operation: HandshakeAllThreads (Deoptimize) done
Event: 2.758 Executing VM operation: ParallelGCFailedAllocation (Allocation Failure)
Event: 2.764 Executing VM operation: ParallelGCFailedAllocation (Allocation Failure) done
Event: 2.995 Executing VM operation: HandshakeAllThreads (Deoptimize)
Event: 2.995 Executing VM operation: HandshakeAllThreads (Deoptimize) done

Memory protections (0 events):
No events

Nmethod flushes (0 events):
No events

Events (20 events):
Event: 0.053 Thread 0x000002b32197ea00 Thread added: 0x000002b3383ff0c0
Event: 0.053 Thread 0x000002b32197ea00 Thread added: 0x000002b338402f70
Event: 0.053 Thread 0x000002b32197ea00 Thread added: 0x000002b338408da0
Event: 0.053 Thread 0x000002b32197ea00 Thread added: 0x000002b338417530
Event: 0.143 Thread 0x000002b32197ea00 Thread added: 0x000002b37f1f2880
Event: 0.311 Thread 0x000002b338417530 Thread added: 0x000002b37f27c460
Event: 0.465 Thread 0x000002b32197ea00 Thread added: 0x000002b37f338f20
Event: 0.706 Thread 0x000002b338417530 Thread added: 0x000002b37f4e4520
Event: 1.281 Thread 0x000002b37f4e4520 Thread exited: 0x000002b37f4e4520
Event: 1.284 Thread 0x000002b37f27c460 Thread exited: 0x000002b37f27c460
Event: 1.633 Thread 0x000002b338417530 Thread added: 0x000002b37f930b00
Event: 1.649 Thread 0x000002b338417530 Thread added: 0x000002b37fb87580
Event: 2.142 Thread 0x000002b32197ea00 Thread added: 0x000002b37f4b2c60
Event: 2.549 Thread 0x000002b37fb87580 Thread exited: 0x000002b37fb87580
Event: 2.665 Thread 0x000002b32197ea00 Thread added: 0x000002b3000d1640
Event: 2.678 Thread 0x000002b32197ea00 Thread added: 0x000002b37f854fe0
Event: 2.825 Thread 0x000002b37f930b00 Thread exited: 0x000002b37f930b00
Event: 2.965 Thread 0x000002b37f854fe0 Thread added: 0x000002b300083c30
Event: 3.141 Thread 0x000002b338417530 Thread added: 0x000002b37f919930
Event: 3.142 Thread 0x000002b338417530 Thread added: 0x000002b30022f290


Dynamic libraries:
0x00007ff703980000 - 0x00007ff70398e000 	c:\Users\gabes\.vscode\extensions\redhat.java-1.49.0-win32-x64\jre\21.0.9-win32-x86_64\bin\java.exe
0x00007fff98da0000 - 0x00007fff99008000 	C:\WINDOWS\SYSTEM32\ntdll.dll
0x00007fff978b0000 - 0x00007fff97979000 	C:\WINDOWS\System32\KERNEL32.DLL
0x00007fff96600000 - 0x00007fff969f8000 	C:\WINDOWS\System32\KERNELBASE.dll
0x00007fff96300000 - 0x00007fff9644b000 	C:\WINDOWS\System32\ucrtbase.dll
0x00007fff68810000 - 0x00007fff6882e000 	c:\Users\gabes\.vscode\extensions\redhat.java-1.49.0-win32-x64\jre\21.0.9-win32-x86_64\bin\VCRUNTIME140.dll
0x00007fff64920000 - 0x00007fff64938000 	c:\Users\gabes\.vscode\extensions\redhat.java-1.49.0-win32-x64\jre\21.0.9-win32-x86_64\bin\jli.dll
0x00007fff96bd0000 - 0x00007fff96d97000 	C:\WINDOWS\System32\USER32.dll
0x00007fff7ed50000 - 0x00007fff7efe4000 	C:\WINDOWS\WinSxS\amd64_microsoft.windows.common-controls_6595b64144ccf1df_6.0.26100.7019_none_3e06ffa0e335b8a8\COMCTL32.dll
0x00007fff965d0000 - 0x00007fff965f7000 	C:\WINDOWS\System32\win32u.dll
0x00007fff98690000 - 0x00007fff98739000 	C:\WINDOWS\System32\msvcrt.dll
0x00007fff98d30000 - 0x00007fff98d5b000 	C:\WINDOWS\System32\GDI32.dll
0x00007fff95fb0000 - 0x00007fff960dc000 	C:\WINDOWS\System32\gdi32full.dll
0x00007fff96a90000 - 0x00007fff96b33000 	C:\WINDOWS\System32\msvcp_win.dll
0x00007fff97870000 - 0x00007fff978a1000 	C:\WINDOWS\System32\IMM32.DLL
0x00007fff6a8d0000 - 0x00007fff6a8dc000 	c:\Users\gabes\.vscode\extensions\redhat.java-1.49.0-win32-x64\jre\21.0.9-win32-x86_64\bin\vcruntime140_1.dll
0x00007fff2b9a0000 - 0x00007fff2ba2d000 	c:\Users\gabes\.vscode\extensions\redhat.java-1.49.0-win32-x64\jre\21.0.9-win32-x86_64\bin\msvcp140.dll
0x00007ffeeb370000 - 0x00007ffeec110000 	c:\Users\gabes\.vscode\extensions\redhat.java-1.49.0-win32-x64\jre\21.0.9-win32-x86_64\bin\server\jvm.dll
0x00007fff98c70000 - 0x00007fff98d24000 	C:\WINDOWS\System32\ADVAPI32.dll
0x00007fff97980000 - 0x00007fff97a26000 	C:\WINDOWS\System32\sechost.dll
0x00007fff97b60000 - 0x00007fff97c78000 	C:\WINDOWS\System32\RPCRT4.dll
0x00007fff96b50000 - 0x00007fff96bc4000 	C:\WINDOWS\System32\WS2_32.dll
0x00007fff95d50000 - 0x00007fff95dae000 	C:\WINDOWS\SYSTEM32\POWRPROF.dll
0x00007fff850d0000 - 0x00007fff85105000 	C:\WINDOWS\SYSTEM32\WINMM.dll
0x00007fff8e1b0000 - 0x00007fff8e1bb000 	C:\WINDOWS\SYSTEM32\VERSION.dll
0x00007fff95d30000 - 0x00007fff95d44000 	C:\WINDOWS\SYSTEM32\UMPDC.dll
0x00007fff94cb0000 - 0x00007fff94ccb000 	C:\WINDOWS\SYSTEM32\kernel.appcore.dll
0x00007fff68b00000 - 0x00007fff68b0a000 	c:\Users\gabes\.vscode\extensions\redhat.java-1.49.0-win32-x64\jre\21.0.9-win32-x86_64\bin\jimage.dll
0x00007fff93550000 - 0x00007fff93792000 	C:\WINDOWS\SYSTEM32\DBGHELP.DLL
0x00007fff974e0000 - 0x00007fff9786b000 	C:\WINDOWS\System32\combase.dll
0x00007fff97a30000 - 0x00007fff97b07000 	C:\WINDOWS\System32\OLEAUT32.dll
0x00007fff7dcf0000 - 0x00007fff7dd2c000 	C:\WINDOWS\SYSTEM32\dbgcore.DLL
0x00007fff96250000 - 0x00007fff962f5000 	C:\WINDOWS\System32\bcryptPrimitives.dll
0x00007fff686a0000 - 0x00007fff686af000 	c:\Users\gabes\.vscode\extensions\redhat.java-1.49.0-win32-x64\jre\21.0.9-win32-x86_64\bin\instrument.dll
0x00007fff5d820000 - 0x00007fff5d840000 	c:\Users\gabes\.vscode\extensions\redhat.java-1.49.0-win32-x64\jre\21.0.9-win32-x86_64\bin\java.dll
0x00007fff97d40000 - 0x00007fff9848f000 	C:\WINDOWS\System32\SHELL32.dll
0x00007fff960e0000 - 0x00007fff9624b000 	C:\WINDOWS\System32\wintypes.dll
0x00007fff93b50000 - 0x00007fff943ad000 	C:\WINDOWS\SYSTEM32\windows.storage.dll
0x00007fff97250000 - 0x00007fff97342000 	C:\WINDOWS\System32\SHCORE.dll
0x00007fff96fc0000 - 0x00007fff97027000 	C:\WINDOWS\System32\shlwapi.dll
0x00007fff95e10000 - 0x00007fff95e39000 	C:\WINDOWS\SYSTEM32\profapi.dll
0x00007fff5d800000 - 0x00007fff5d818000 	c:\Users\gabes\.vscode\extensions\redhat.java-1.49.0-win32-x64\jre\21.0.9-win32-x86_64\bin\zip.dll
0x00007fff65a00000 - 0x00007fff65a10000 	C:\Users\gabes\.vscode\extensions\redhat.java-1.49.0-win32-x64\jre\21.0.9-win32-x86_64\bin\net.dll
0x00007fff8eaa0000 - 0x00007fff8ebc8000 	C:\WINDOWS\SYSTEM32\WINHTTP.dll
0x00007fff95220000 - 0x00007fff9528b000 	C:\WINDOWS\system32\mswsock.dll
0x00007fff54db0000 - 0x00007fff54dc6000 	C:\Users\gabes\.vscode\extensions\redhat.java-1.49.0-win32-x64\jre\21.0.9-win32-x86_64\bin\nio.dll
0x00007fff83d50000 - 0x00007fff83d60000 	c:\Users\gabes\.vscode\extensions\redhat.java-1.49.0-win32-x64\jre\21.0.9-win32-x86_64\bin\verify.dll
0x00007fff688b0000 - 0x00007fff688f4000 	C:\Users\gabes\AppData\Roaming\Code\User\globalStorage\redhat.java\1.49.0\config_ss_win\org.eclipse.equinox.launcher\org.eclipse.equinox.launcher.win32.win32.x86_64_1.2.1400.v20250801-0854\eclipse_11916.dll
0x00007fff97030000 - 0x00007fff971c7000 	C:\WINDOWS\System32\ole32.dll

JVMTI agents:
c:\Users\gabes\.vscode\extensions\redhat.java-1.49.0-win32-x64\lombok\lombok-1.18.39-4050.jar path:c:\Users\gabes\.vscode\extensions\redhat.java-1.49.0-win32-x64\jre\21.0.9-win32-x86_64\bin\instrument.dll, loaded, initialized, instrumentlib options:none

dbghelp: loaded successfully - version: 4.0.5 - missing functions: none
symbol engine: initialized successfully - sym options: 0x614 - pdb path: .;c:\Users\gabes\.vscode\extensions\redhat.java-1.49.0-win32-x64\jre\21.0.9-win32-x86_64\bin;C:\WINDOWS\SYSTEM32;C:\WINDOWS\WinSxS\amd64_microsoft.windows.common-controls_6595b64144ccf1df_6.0.26100.7019_none_3e06ffa0e335b8a8;c:\Users\gabes\.vscode\extensions\redhat.java-1.49.0-win32-x64\jre\21.0.9-win32-x86_64\bin\server;C:\Users\gabes\AppData\Roaming\Code\User\globalStorage\redhat.java\1.49.0\config_ss_win\org.eclipse.equinox.launcher\org.eclipse.equinox.launcher.win32.win32.x86_64_1.2.1400.v20250801-0854

VM Arguments:
jvm_args: --add-modules=ALL-SYSTEM --add-opens=java.base/java.util=ALL-UNNAMED --add-opens=java.base/java.lang=ALL-UNNAMED --add-opens=java.base/sun.nio.fs=ALL-UNNAMED -Declipse.application=org.eclipse.jdt.ls.core.id1 -Dosgi.bundles.defaultStartLevel=4 -Declipse.product=org.eclipse.jdt.ls.core.product -Djava.import.generatesMetadataFilesAtProjectRoot=false -DDetectVMInstallationsJob.disabled=true -Dfile.encoding=utf8 -XX:+UseParallelGC -XX:GCTimeRatio=4 -XX:AdaptiveSizePolicyWeight=90 -Dsun.zip.disableMemoryMapping=true -Xmx2G -Xms100m -Xlog:disable -javaagent:c:\Users\gabes\.vscode\extensions\redhat.java-1.49.0-win32-x64\lombok\lombok-1.18.39-4050.jar 
java_command: c:\Users\gabes\.vscode\extensions\redhat.java-1.49.0-win32-x64\server\plugins\org.eclipse.equinox.launcher_1.7.100.v20251111-0406.jar -configuration c:\Users\gabes\AppData\Roaming\Code\User\globalStorage\redhat.java\1.49.0\config_ss_win -data c:\Users\gabes\AppData\Roaming\Code\User\workspaceStorage\5a46c16050b1c349decc9c9b186d8dd5\redhat.java\ss_ws --pipe=\\.\pipe\lsp-daf8a46af7ed26d67256a428dc76a815-sock
java_class_path (initial): c:\Users\gabes\.vscode\extensions\redhat.java-1.49.0-win32-x64\server\plugins\org.eclipse.equinox.launcher_1.7.100.v20251111-0406.jar
Launcher Type: SUN_STANDARD

[Global flags]
    uintx AdaptiveSizePolicyWeight                 = 90                                        {product} {command line}
     intx CICompilerCount                          = 4                                         {product} {ergonomic}
    uintx GCTimeRatio                              = 4                                         {product} {command line}
   size_t InitialHeapSize                          = 104857600                                 {product} {command line}
   size_t MaxHeapSize                              = 2147483648                                {product} {command line}
   size_t MaxNewSize                               = 715653120                                 {product} {ergonomic}
   size_t MinHeapDeltaBytes                        = 524288                                    {product} {ergonomic}
   size_t MinHeapSize                              = 104857600                                 {product} {command line}
   size_t NewSize                                  = 34603008                                  {product} {ergonomic}
    uintx NonNMethodCodeHeapSize                   = 5839372                                {pd product} {ergonomic}
    uintx NonProfiledCodeHeapSize                  = 122909434                              {pd product} {ergonomic}
   size_t OldSize                                  = 70254592                                  {product} {ergonomic}
    uintx ProfiledCodeHeapSize                     = 122909434                              {pd product} {ergonomic}
    uintx ReservedCodeCacheSize                    = 251658240                              {pd product} {ergonomic}
     bool SegmentedCodeCache                       = true                                      {product} {ergonomic}
   size_t SoftMaxHeapSize                          = 2147483648                             {manageable} {ergonomic}
     bool UseCompressedOops                        = true                           {product lp64_product} {ergonomic}
     bool UseLargePagesIndividualAllocation        = false                                  {pd product} {ergonomic}
     bool UseParallelGC                            = true                                      {product} {command line}

Logging:
Log output configuration:
 #0: stdout all=off uptime,level,tags foldmultilines=false
 #1: stderr all=off uptime,level,tags foldmultilines=false

Release file:
JAVA_VERSION="21.0.9" 
MODULES="java.base java.compiler java.datatransfer java.xml java.prefs java.desktop java.instrument java.logging java.management java.security.sasl java.naming java.rmi java.management.rmi java.net.http java.scripting java.security.jgss java.transaction.xa java.sql java.sql.rowset java.xml.crypto java.se java.smartcardio jdk.accessibility jdk.internal.jvmstat jdk.attach jdk.charsets jdk.internal.opt jdk.zipfs jdk.compiler jdk.crypto.ec jdk.crypto.cryptoki jdk.crypto.mscapi jdk.dynalink jdk.internal.ed jdk.editpad jdk.hotspot.agent jdk.httpserver jdk.internal.le jdk.internal.vm.ci jdk.internal.vm.compiler jdk.internal.vm.compiler.management jdk.jartool jdk.javadoc jdk.jcmd jdk.management jdk.management.agent jdk.jconsole jdk.jdeps jdk.jdwp.agent jdk.jdi jdk.jfr jdk.jshell jdk.jsobject jdk.jstatd jdk.localedata jdk.management.jfr jdk.naming.dns jdk.naming.rmi jdk.net jdk.nio.mapmode jdk.random jdk.sctp jdk.security.auth jdk.security.jgss jdk.unsupported jdk.unsupported.desktop jdk.xml.dom" 

Environment Variables:
PATH=C:\WINDOWS\system32;C:\WINDOWS;C:\WINDOWS\System32\Wbem;C:\WINDOWS\System32\WindowsPowerShell\v1.0\;C:\WINDOWS\System32\OpenSSH\;C:\Users\gabes\OneDrive\Documents\ghc-9.6.6\bin;C:\Users\gabes\Downloads\gcc-14.2.0-no-debug\bin;C:\Program Files\Git\cmd;C:\ProgramData\chocolatey\bin;C:\Users\gabes\OneDrive\Documents\gcc-14.2.0\bin;C:\Program Files\k6\;C:\Program Files\nodejs\;C:\php;C:\ProgramData\ComposerSetup\bin;C:\Program Files\Netbird\;C:\Program Files\Netbird;C:\jdk-25.0.1\bin;C:\Users\gabes\apache-maven-3.9.11\bin;C:\Users\gabes\AppData\Roaming\Composer\vendor\bin;C:\Users\gabes\node-v24.11.0-win-x64;C:\node-v24.11.1-win-x64;C:\Program Files\MySQL\MySQL Server 8.0\bin;C:\Program Files\MySQL\MySQL Shell 8.0\bin\;C:\Users\gabes\AppData\Local\Programs\Python\Python314\Scripts\;C:\Users\gabes\AppData\Local\Programs\Python\Python314\;C:\Users\gabes\AppData\Local\Microsoft\WindowsApps;C:\Users\gabes\AppData\Local\Programs\Microsoft VS Code\bin;C:\Users\gabes\AppData\Local\GitHubDesktop\bin;C:\tools\dart-sdk\bin;C:\Users\gabes\AppData\Local\Pub\Cache\bin;C:\Users\gabes\.bun\bin;C:\Users\gabes\AppData\Roaming\npm;C:\Users\gabes\Downloads\python-3.9.13-amd64;C:\Program Files\JetBrains\IntelliJ IDEA 2025.2.4\bin
USERNAME=gabes
OS=Windows_NT
PROCESSOR_IDENTIFIER=Intel64 Family 6 Model 126 Stepping 5, GenuineIntel
TMP=C:\Users\gabes\AppData\Local\Temp
TEMP=C:\Users\gabes\AppData\Local\Temp




Periodic native trim disabled

---------------  S Y S T E M  ---------------

OS:
 Windows 11 , 64 bit Build 26100 (10.0.26100.7019)
OS uptime: 2 days 2:15 hours

CPU: total 8 (initial active 8) (4 cores per cpu, 2 threads per core) family 6 model 126 stepping 5 microcode 0xa6, cx8, cmov, fxsr, ht, mmx, 3dnowpref, sse, sse2, sse3, ssse3, sse4.1, sse4.2, popcnt, lzcnt, tsc, tscinvbit, avx, avx2, aes, erms, clmul, bmi1, bmi2, adx, avx512f, avx512dq, avx512cd, avx512bw, avx512vl, sha, fma, vzeroupper, avx512_vpopcntdq, avx512_vpclmulqdq, avx512_vaes, avx512_vnni, clflush, clflushopt, avx512_vbmi2, avx512_vbmi, rdtscp, rdpid, fsrm, gfni, avx512_bitalg, f16c, pku, avx512_ifma
Processor Information for the first 8 processors :
  Max Mhz: 1190, Current Mhz: 991, Mhz Limit: 987

Memory: 4k page, system-wide physical 12093M (1622M free)
TotalPageFile size 17995M (AvailPageFile size 1M)
current process WorkingSet (physical memory assigned to process): 102M, peak: 103M
current process commit charge ("private bytes"): 248M, peak: 248M

vm_info: OpenJDK 64-Bit Server VM (21.0.9+10-LTS) for windows-amd64 JRE (21.0.9+10-LTS), built on 2025-10-21T00:00:00Z by "admin" with unknown MS VC++:1942

END.
